mode: set
github.com/user/go-slip10/base58.go:13.13,14.27 1 1
github.com/user/go-slip10/base58.go:14.27,16.3 1 1
github.com/user/go-slip10/base58.go:17.2,17.43 1 1
github.com/user/go-slip10/base58.go:17.43,19.3 1 1
github.com/user/go-slip10/base58.go:23.40,24.21 1 1
github.com/user/go-slip10/base58.go:24.21,26.3 1 1
github.com/user/go-slip10/base58.go:29.2,30.46 2 1
github.com/user/go-slip10/base58.go:30.46,32.3 1 1
github.com/user/go-slip10/base58.go:36.2,41.34 4 1
github.com/user/go-slip10/base58.go:41.34,43.49 2 1
github.com/user/go-slip10/base58.go:43.49,44.13 1 1
github.com/user/go-slip10/base58.go:44.13,46.10 1 0
github.com/user/go-slip10/base58.go:48.4,52.15 4 1
github.com/user/go-slip10/base58.go:52.15,54.5 1 1
github.com/user/go-slip10/base58.go:59.2,60.36 2 1
github.com/user/go-slip10/base58.go:60.36,62.3 1 1
github.com/user/go-slip10/base58.go:65.2,66.29 2 1
github.com/user/go-slip10/base58.go:66.29,68.3 1 1
github.com/user/go-slip10/base58.go:69.2,69.33 1 1
github.com/user/go-slip10/base58.go:69.33,71.3 1 1
github.com/user/go-slip10/base58.go:73.2,73.20 1 1
github.com/user/go-slip10/base58.go:77.40,78.21 1 1
github.com/user/go-slip10/base58.go:78.21,80.3 1 1
github.com/user/go-slip10/base58.go:82.2,83.53 2 1
github.com/user/go-slip10/base58.go:83.53,85.3 1 1
github.com/user/go-slip10/base58.go:88.2,93.42 4 1
github.com/user/go-slip10/base58.go:93.42,95.22 2 1
github.com/user/go-slip10/base58.go:95.22,97.4 1 1
github.com/user/go-slip10/base58.go:98.3,100.49 2 1
github.com/user/go-slip10/base58.go:100.49,101.13 1 1
github.com/user/go-slip10/base58.go:101.13,102.10 1 0
github.com/user/go-slip10/base58.go:104.4,107.15 4 1
github.com/user/go-slip10/base58.go:107.15,109.5 1 1
github.com/user/go-slip10/base58.go:113.2,114.36 2 1
github.com/user/go-slip10/base58.go:114.36,116.3 1 1
github.com/user/go-slip10/base58.go:118.2,119.33 2 1
github.com/user/go-slip10/base58.go:119.33,121.3 1 1
github.com/user/go-slip10/base58.go:123.2,123.12 1 1
github.com/user/go-slip10/base58.go:127.45,132.30 4 1
github.com/user/go-slip10/base58.go:132.30,136.3 3 1
github.com/user/go-slip10/base58.go:138.2,141.31 4 1
github.com/user/go-slip10/base58.go:145.54,147.22 2 1
github.com/user/go-slip10/base58.go:147.22,149.3 1 1
github.com/user/go-slip10/base58.go:151.2,157.36 5 1
github.com/user/go-slip10/base58.go:157.36,159.3 1 1
github.com/user/go-slip10/base58.go:161.2,161.21 1 1
github.com/user/go-slip10/bip39.go:11.57,15.2 3 1
github.com/user/go-slip10/curves.go:30.35,32.2 1 1
github.com/user/go-slip10/curves.go:34.103,36.2 1 0
github.com/user/go-slip10/curves.go:43.27,50.2 1 1
github.com/user/go-slip10/curves.go:52.73,54.2 1 1
github.com/user/go-slip10/curves.go:56.110,58.2 1 1
github.com/user/go-slip10/curves.go:60.108,61.58 1 1
github.com/user/go-slip10/curves.go:61.58,63.17 2 1
github.com/user/go-slip10/curves.go:63.17,65.4 1 0
github.com/user/go-slip10/curves.go:66.3,66.29 1 1
github.com/user/go-slip10/curves.go:68.2,68.89 1 1
github.com/user/go-slip10/curves.go:71.59,74.2 2 1
github.com/user/go-slip10/curves.go:81.27,88.2 1 1
github.com/user/go-slip10/curves.go:90.73,92.2 1 1
github.com/user/go-slip10/curves.go:94.110,96.2 1 1
github.com/user/go-slip10/curves.go:98.108,99.58 1 1
github.com/user/go-slip10/curves.go:99.58,101.15 2 1
github.com/user/go-slip10/curves.go:101.15,103.4 1 1
github.com/user/go-slip10/curves.go:104.3,104.19 1 1
github.com/user/go-slip10/curves.go:106.2,106.88 1 1
github.com/user/go-slip10/curves.go:109.59,112.2 2 1
github.com/user/go-slip10/curves.go:114.175,115.25 1 1
github.com/user/go-slip10/curves.go:115.25,117.3 1 0
github.com/user/go-slip10/curves.go:119.2,134.16 12 1
github.com/user/go-slip10/curves.go:134.16,136.3 1 1
github.com/user/go-slip10/curves.go:138.2,138.6 1 1
github.com/user/go-slip10/curves.go:138.6,143.38 4 1
github.com/user/go-slip10/curves.go:143.38,148.48 3 1
github.com/user/go-slip10/curves.go:148.48,151.5 2 1
github.com/user/go-slip10/curves.go:154.3,158.20 5 0
github.com/user/go-slip10/curves.go:167.25,174.2 1 1
github.com/user/go-slip10/curves.go:176.71,181.2 4 1
github.com/user/go-slip10/curves.go:183.108,184.24 1 1
github.com/user/go-slip10/curves.go:184.24,186.3 1 0
github.com/user/go-slip10/curves.go:188.2,199.28 11 1
github.com/user/go-slip10/curves.go:202.57,208.2 5 1
github.com/user/go-slip10/curves.go:215.28,222.2 1 1
github.com/user/go-slip10/curves.go:224.74,229.2 4 1
github.com/user/go-slip10/curves.go:231.111,232.24 1 1
github.com/user/go-slip10/curves.go:232.24,234.3 1 0
github.com/user/go-slip10/curves.go:236.2,247.28 11 1
github.com/user/go-slip10/curves.go:250.60,256.2 5 1
github.com/user/go-slip10/curves.go:260.77,263.6 3 1
github.com/user/go-slip10/curves.go:263.6,271.44 7 1
github.com/user/go-slip10/curves.go:271.44,273.4 1 1
github.com/user/go-slip10/curves.go:274.3,274.14 1 1
github.com/user/go-slip10/curves.go:278.138,280.25 2 1
github.com/user/go-slip10/curves.go:280.25,283.3 2 1
github.com/user/go-slip10/curves.go:283.8,286.3 2 1
github.com/user/go-slip10/curves.go:287.2,299.6 10 1
github.com/user/go-slip10/curves.go:299.6,304.23 4 1
github.com/user/go-slip10/curves.go:304.23,308.25 3 1
github.com/user/go-slip10/curves.go:308.25,313.5 4 1
github.com/user/go-slip10/curves.go:316.3,320.20 5 1
github.com/user/go-slip10/slip10.go:61.61,63.16 2 1
github.com/user/go-slip10/slip10.go:63.16,65.3 1 0
github.com/user/go-slip10/slip10.go:67.2,77.8 1 1
github.com/user/go-slip10/slip10.go:81.77,83.16 2 1
github.com/user/go-slip10/slip10.go:83.16,85.3 1 1
github.com/user/go-slip10/slip10.go:86.2,86.30 1 1
github.com/user/go-slip10/slip10.go:86.30,88.3 1 1
github.com/user/go-slip10/slip10.go:90.2,99.88 8 1
github.com/user/go-slip10/slip10.go:99.88,101.3 1 1
github.com/user/go-slip10/slip10.go:103.2,104.15 2 1
github.com/user/go-slip10/slip10.go:104.15,105.28 1 1
github.com/user/go-slip10/slip10.go:105.28,107.4 1 1
github.com/user/go-slip10/slip10.go:108.3,109.25 2 1
github.com/user/go-slip10/slip10.go:109.25,111.4 1 0
github.com/user/go-slip10/slip10.go:112.3,112.36 1 1
github.com/user/go-slip10/slip10.go:113.8,115.24 2 1
github.com/user/go-slip10/slip10.go:115.24,117.4 1 0
github.com/user/go-slip10/slip10.go:118.3,118.45 1 1
github.com/user/go-slip10/slip10.go:118.45,120.4 1 1
github.com/user/go-slip10/slip10.go:124.2,124.16 1 1
github.com/user/go-slip10/slip10.go:124.16,125.17 1 1
github.com/user/go-slip10/slip10.go:125.17,127.4 1 1
github.com/user/go-slip10/slip10.go:128.3,128.30 1 1
github.com/user/go-slip10/slip10.go:128.30,129.14 1 1
github.com/user/go-slip10/slip10.go:129.14,131.5 1 1
github.com/user/go-slip10/slip10.go:135.2,145.8 1 1
github.com/user/go-slip10/slip10.go:149.52,150.45 1 1
github.com/user/go-slip10/slip10.go:150.45,152.3 1 1
github.com/user/go-slip10/slip10.go:154.2,154.17 1 1
github.com/user/go-slip10/slip10.go:154.17,156.17 2 1
github.com/user/go-slip10/slip10.go:156.17,158.4 1 0
github.com/user/go-slip10/slip10.go:160.3,170.9 1 1
github.com/user/go-slip10/slip10.go:174.2,175.16 2 1
github.com/user/go-slip10/slip10.go:175.16,177.3 1 1
github.com/user/go-slip10/slip10.go:179.2,189.8 1 1
github.com/user/go-slip10/slip10.go:193.55,194.31 1 1
github.com/user/go-slip10/slip10.go:194.31,196.3 1 1
github.com/user/go-slip10/slip10.go:198.2,199.21 2 1
github.com/user/go-slip10/slip10.go:199.21,201.3 1 1
github.com/user/go-slip10/slip10.go:203.2,204.34 2 1
github.com/user/go-slip10/slip10.go:204.34,206.17 2 1
github.com/user/go-slip10/slip10.go:206.17,208.4 1 1
github.com/user/go-slip10/slip10.go:209.3,210.17 2 1
github.com/user/go-slip10/slip10.go:210.17,212.4 1 0
github.com/user/go-slip10/slip10.go:215.2,215.18 1 1
github.com/user/go-slip10/slip10.go:219.65,232.2 11 1
github.com/user/go-slip10/slip10.go:235.31,236.18 1 1
github.com/user/go-slip10/slip10.go:236.18,238.3 1 0
github.com/user/go-slip10/slip10.go:239.2,240.22 2 1
github.com/user/go-slip10/slip10.go:240.22,242.3 1 1
github.com/user/go-slip10/slip10.go:245.2,249.41 4 1
github.com/user/go-slip10/slip10.go:253.30,255.70 2 1
github.com/user/go-slip10/slip10.go:255.70,257.3 1 1
github.com/user/go-slip10/slip10.go:259.2,259.39 1 1
github.com/user/go-slip10/slip10.go:263.37,268.2 4 1
github.com/user/go-slip10/slip10.go:271.35,273.2 1 1
github.com/user/go-slip10/slip10.go:275.43,277.89 2 1
github.com/user/go-slip10/slip10.go:277.89,280.3 2 1
github.com/user/go-slip10/slip10.go:282.2,283.16 2 1
github.com/user/go-slip10/slip10.go:283.16,285.3 1 1
github.com/user/go-slip10/slip10.go:287.2,287.27 1 1
github.com/user/go-slip10/slip10.go:287.27,289.3 1 0
github.com/user/go-slip10/slip10.go:291.2,291.14 1 1
github.com/user/go-slip10/slip10.go:291.14,293.3 1 1
github.com/user/go-slip10/slip10.go:294.2,294.25 1 1
github.com/user/go-slip10/slip10.go:298.32,300.2 1 1
